0 info it worked if it ends with ok
1 verbose cli [ '/usr/local/bin/node', '/usr/local/bin/npm', 'run', 'build' ]
2 info using npm@3.10.3
3 info using node@v6.7.0
4 verbose run-script [ 'prebuild', 'build', 'postbuild' ]
5 info lifecycle toalina-react-page@0.1.0~prebuild: toalina-react-page@0.1.0
6 silly lifecycle toalina-react-page@0.1.0~prebuild: no script for prebuild, continuing
7 info lifecycle toalina-react-page@0.1.0~build: toalina-react-page@0.1.0
8 verbose lifecycle toalina-react-page@0.1.0~build: unsafe-perm in lifecycle true
9 verbose lifecycle toalina-react-page@0.1.0~build: PATH: /usr/local/lib/node_modules/npm/bin/node-gyp-bin:/Users/mymymylaptop/Documents/compute/projects/github-toalina/node_modules/.bin:/usr/local/bin:/bin:/sbin:/usr/bin:/usr/local/sbin:/usr/local/bin:/Users/mymymylaptop/Documents/foundryinteractive/google-cloud-sdk/bin:/usr/local/heroku/bin:/Users/mymymylaptop/.rvm/gems/ruby-2.0.0-p598/bin:/Users/mymymylaptop/.rvm/gems/ruby-2.0.0-p598@global/bin:/Users/mymymylaptop/.rvm/rubies/ruby-2.0.0-p598/bin:/usr/local/bin:/usr/bin:/bin:/usr/sbin:/sbin:/Users/mymymylaptop/.rvm/bin:/Users/mymymylaptop/.rvm/bin
10 verbose lifecycle toalina-react-page@0.1.0~build: CWD: /Users/mymymylaptop/Documents/compute/projects/github-toalina
11 silly lifecycle toalina-react-page@0.1.0~build: Args: [ '-c', 'react-scripts build' ]
12 info lifecycle toalina-react-page@0.1.0~build: Failed to exec build script
13 verbose stack Error: toalina-react-page@0.1.0 build: `react-scripts build`
13 verbose stack spawn ENOENT
13 verbose stack     at ChildProcess.<anonymous> (/usr/local/lib/node_modules/npm/lib/utils/spawn.js:33:16)
13 verbose stack     at emitTwo (events.js:106:13)
13 verbose stack     at ChildProcess.emit (events.js:191:7)
13 verbose stack     at maybeClose (internal/child_process.js:877:16)
13 verbose stack     at Process.ChildProcess._handle.onexit (internal/child_process.js:226:5)
14 verbose pkgid toalina-react-page@0.1.0
15 verbose cwd /Users/mymymylaptop/Documents/compute/projects/github-toalina
16 error Darwin 16.7.0
17 error argv "/usr/local/bin/node" "/usr/local/bin/npm" "run" "build"
18 error node v6.7.0
19 error npm  v3.10.3
20 error file sh
21 error code ELIFECYCLE
22 error errno ENOENT
23 error syscall spawn
24 error toalina-react-page@0.1.0 build: `react-scripts build`
24 error spawn ENOENT
25 error Failed at the toalina-react-page@0.1.0 build script 'react-scripts build'.
25 error Make sure you have the latest version of node.js and npm installed.
25 error If you do, this is most likely a problem with the toalina-react-page package,
25 error not with npm itself.
25 error Tell the author that this fails on your system:
25 error     react-scripts build
25 error You can get information on how to open an issue for this project with:
25 error     npm bugs toalina-react-page
25 error Or if that isn't available, you can get their info via:
25 error     npm owner ls toalina-react-page
25 error There is likely additional logging output above.
26 verbose exit [ 1, true ]
